2019-10-26 20:12:58 [INFO] - Starting QuantitativeCoreTradeApplication on chenjianjun with PID 10390 (/Users/chenjianjun/study/quantitative/quantitative-core-trade/target/classes started by chenjianjun in /Users/chenjianjun/study/quantitative)
2019-10-26 20:12:58 [INFO] - No active profile set, falling back to default profiles: default
2019-10-26 20:12:58 [INFO] - Devtools property defaults active! Set 'spring.devtools.add-properties' to 'false' to disable
2019-10-26 20:12:58 [INFO] - For additional web related logging consider setting the 'logging.level.web' property to 'DEBUG'
2019-10-26 20:13:00 [INFO] - Tomcat initialized with port(s): 10086 (http)
2019-10-26 20:13:00 [INFO] - Initializing ProtocolHandler ["http-nio-10086"]
2019-10-26 20:13:00 [INFO] - Starting service [Tomcat]
2019-10-26 20:13:00 [INFO] - Starting Servlet engine: [Apache Tomcat/9.0.27]
2019-10-26 20:13:00 [INFO] - Initializing Spring embedded WebApplicationContext
2019-10-26 20:13:00 [INFO] - Root WebApplicationContext: initialization completed in 1187 ms
2019-10-26 20:13:00 [INFO] - Initializing ExecutorService 'applicationTaskExecutor'
2019-10-26 20:13:00 [WARN] - Cannot find template location: classpath:/templates/ (please add some templates or check your Thymeleaf configuration)
2019-10-26 20:13:00 [WARN] - [THYMELEAF][restartedMain] Template Mode 'HTML5' is deprecated. Using Template Mode 'HTML' instead.
2019-10-26 20:13:00 [INFO] - LiveReload server is running on port 35729
2019-10-26 20:13:00 [INFO] - Starting ProtocolHandler ["http-nio-10086"]
2019-10-26 20:13:00 [INFO] - Tomcat started on port(s): 10086 (http) with context path ''
2019-10-26 20:13:00 [INFO] - Started QuantitativeCoreTradeApplication in 2.106 seconds (JVM running for 3.551)
2019-10-26 20:13:00 [INFO] - [Sub] Connection [id: 0] created for Trade for [htusdt]
2019-10-26 20:13:00 [INFO] - [Sub][0] Connecting...
2019-10-26 20:13:00 [INFO] - [Sub] Connection [id: 1] created for Candlestick for [htusdt]
2019-10-26 20:13:00 [INFO] - [Sub][1] Connecting...
2019-10-26 20:13:00 [INFO] - [Sub] Connection [id: 2] created for Candlestick for [htusdt]
2019-10-26 20:13:00 [INFO] - [Sub][2] Connecting...
2019-10-26 20:13:00 [INFO] - [Sub] Connection [id: 3] created for Candlestick for [htusdt]
2019-10-26 20:13:00 [INFO] - [Sub][3] Connecting...
2019-10-26 20:13:00 [INFO] - [Sub] Connection [id: 4] created for Candlestick for [htusdt]
2019-10-26 20:13:00 [INFO] - [Sub][4] Connecting...
2019-10-26 20:13:00 [INFO] - [Sub] Connection [id: 5] created for Candlestick for [htusdt]
2019-10-26 20:13:00 [INFO] - [Sub][5] Connecting...
2019-10-26 20:13:00 [INFO] - [Sub] Connection [id: 6] created for Candlestick for [htusdt]
2019-10-26 20:13:00 [INFO] - [Sub][6] Connecting...
2019-10-26 20:13:00 [INFO] - [Sub] Connection [id: 7] created for Candlestick for [htusdt]
2019-10-26 20:13:00 [INFO] - [Sub][7] Connecting...
2019-10-26 20:13:00 [INFO] - [Sub] Connection [id: 8] created for Candlestick for [htusdt]
2019-10-26 20:13:00 [INFO] - [Sub][8] Connecting...
2019-10-26 20:13:00 [INFO] - [Sub] Connection [id: 9] created for Candlestick for [htusdt]
2019-10-26 20:13:00 [INFO] - [Sub][9] Connecting...
2019-10-26 20:13:00 [INFO] - [Sub] Connection [id: 10] created for PriceDepth for [htusdt]
2019-10-26 20:13:00 [INFO] - [Sub][10] Connecting...
2019-10-26 20:13:00 [INFO] - [Sub] Connection [id: 11] created for Trade for [btcusdt]
2019-10-26 20:13:00 [INFO] - [Sub][11] Connecting...
2019-10-26 20:13:00 [INFO] - [Sub] Connection [id: 12] created for Candlestick for [btcusdt]
2019-10-26 20:13:00 [INFO] - [Sub][12] Connecting...
2019-10-26 20:13:00 [INFO] - [Sub] Connection [id: 13] created for Candlestick for [btcusdt]
2019-10-26 20:13:00 [INFO] - [Sub][13] Connecting...
2019-10-26 20:13:00 [INFO] - [Sub] Connection [id: 14] created for Candlestick for [btcusdt]
2019-10-26 20:13:00 [INFO] - [Sub][14] Connecting...
2019-10-26 20:13:00 [INFO] - [Sub] Connection [id: 15] created for Candlestick for [btcusdt]
2019-10-26 20:13:00 [INFO] - [Sub][15] Connecting...
2019-10-26 20:13:00 [INFO] - [Sub] Connection [id: 16] created for Candlestick for [btcusdt]
2019-10-26 20:13:00 [INFO] - [Sub][16] Connecting...
2019-10-26 20:13:00 [INFO] - [Sub] Connection [id: 17] created for Candlestick for [btcusdt]
2019-10-26 20:13:00 [INFO] - [Sub][17] Connecting...
2019-10-26 20:13:00 [INFO] - [Sub] Connection [id: 18] created for Candlestick for [btcusdt]
2019-10-26 20:13:00 [INFO] - [Sub][18] Connecting...
2019-10-26 20:13:00 [INFO] - [Sub] Connection [id: 19] created for Candlestick for [btcusdt]
2019-10-26 20:13:00 [INFO] - [Sub][19] Connecting...
2019-10-26 20:13:01 [INFO] - [Sub] Connection [id: 20] created for Candlestick for [btcusdt]
2019-10-26 20:13:01 [INFO] - [Sub][20] Connecting...
2019-10-26 20:13:01 [INFO] - [Sub] Connection [id: 21] created for PriceDepth for [btcusdt]
2019-10-26 20:13:01 [INFO] - [Sub][21] Connecting...
2019-10-26 20:13:01 [INFO] - [Sub] Connection [id: 22] created for Trade for [ethsdt]
2019-10-26 20:13:01 [INFO] - [Sub][22] Connecting...
2019-10-26 20:13:01 [INFO] - [Sub] Connection [id: 23] created for Candlestick for [ethsdt]
2019-10-26 20:13:01 [INFO] - [Sub][23] Connecting...
2019-10-26 20:13:01 [INFO] - [Sub] Connection [id: 24] created for Candlestick for [ethsdt]
2019-10-26 20:13:01 [INFO] - [Sub][24] Connecting...
2019-10-26 20:13:01 [INFO] - [Sub] Connection [id: 25] created for Candlestick for [ethsdt]
2019-10-26 20:13:01 [INFO] - [Sub][25] Connecting...
2019-10-26 20:13:01 [INFO] - [Sub] Connection [id: 26] created for Candlestick for [ethsdt]
2019-10-26 20:13:01 [INFO] - [Sub][26] Connecting...
2019-10-26 20:13:01 [INFO] - [Sub] Connection [id: 27] created for Candlestick for [ethsdt]
2019-10-26 20:13:01 [INFO] - [Sub][27] Connecting...
2019-10-26 20:13:01 [INFO] - [Sub] Connection [id: 28] created for Candlestick for [ethsdt]
2019-10-26 20:13:01 [INFO] - [Sub][28] Connecting...
2019-10-26 20:13:01 [INFO] - [Sub] Connection [id: 29] created for Candlestick for [ethsdt]
2019-10-26 20:13:01 [INFO] - [Sub][29] Connecting...
2019-10-26 20:13:01 [INFO] - [Sub] Connection [id: 30] created for Candlestick for [ethsdt]
2019-10-26 20:13:01 [INFO] - [Sub][30] Connecting...
2019-10-26 20:13:01 [INFO] - [Sub] Connection [id: 31] created for Candlestick for [ethsdt]
2019-10-26 20:13:01 [INFO] - [Sub][31] Connecting...
2019-10-26 20:13:01 [INFO] - [Sub] Connection [id: 32] created for PriceDepth for [ethsdt]
2019-10-26 20:13:01 [INFO] - [Sub][32] Connecting...
2019-10-26 20:13:01 [INFO] - [Sub] Connection [id: 33] created for Trade for [xrpusdt]
2019-10-26 20:13:01 [INFO] - [Sub][33] Connecting...
2019-10-26 20:13:01 [INFO] - [Sub] Connection [id: 34] created for Candlestick for [xrpusdt]
2019-10-26 20:13:01 [INFO] - [Sub][34] Connecting...
2019-10-26 20:13:01 [INFO] - [Sub] Connection [id: 35] created for Candlestick for [xrpusdt]
2019-10-26 20:13:01 [INFO] - [Sub][35] Connecting...
2019-10-26 20:13:01 [INFO] - [Sub] Connection [id: 36] created for Candlestick for [xrpusdt]
2019-10-26 20:13:01 [INFO] - [Sub][36] Connecting...
2019-10-26 20:13:01 [INFO] - [Sub] Connection [id: 37] created for Candlestick for [xrpusdt]
2019-10-26 20:13:01 [INFO] - [Sub][37] Connecting...
2019-10-26 20:13:01 [INFO] - [Sub] Connection [id: 38] created for Candlestick for [xrpusdt]
2019-10-26 20:13:01 [INFO] - [Sub][38] Connecting...
2019-10-26 20:13:01 [INFO] - [Sub] Connection [id: 39] created for Candlestick for [xrpusdt]
2019-10-26 20:13:01 [INFO] - [Sub][39] Connecting...
2019-10-26 20:13:01 [INFO] - [Sub] Connection [id: 40] created for Candlestick for [xrpusdt]
2019-10-26 20:13:01 [INFO] - [Sub][40] Connecting...
2019-10-26 20:13:01 [INFO] - [Sub] Connection [id: 41] created for Candlestick for [xrpusdt]
2019-10-26 20:13:01 [INFO] - [Sub][41] Connecting...
2019-10-26 20:13:01 [INFO] - [Sub] Connection [id: 42] created for Candlestick for [xrpusdt]
2019-10-26 20:13:01 [INFO] - [Sub][42] Connecting...
2019-10-26 20:13:01 [INFO] - [Sub] Connection [id: 43] created for PriceDepth for [xrpusdt]
2019-10-26 20:13:01 [INFO] - [Sub][43] Connecting...
2019-10-26 20:13:01 [INFO] - [Sub] Connection [id: 44] created for Trade for [eosusdt]
2019-10-26 20:13:01 [INFO] - [Sub][44] Connecting...
2019-10-26 20:13:01 [INFO] - [Sub] Connection [id: 45] created for Candlestick for [eosusdt]
2019-10-26 20:13:01 [INFO] - [Sub][45] Connecting...
2019-10-26 20:13:01 [INFO] - [Sub] Connection [id: 46] created for Candlestick for [eosusdt]
2019-10-26 20:13:01 [INFO] - [Sub][46] Connecting...
2019-10-26 20:13:01 [INFO] - [Sub] Connection [id: 47] created for Candlestick for [eosusdt]
2019-10-26 20:13:01 [INFO] - [Sub][47] Connecting...
2019-10-26 20:13:01 [INFO] - [Sub] Connection [id: 48] created for Candlestick for [eosusdt]
2019-10-26 20:13:01 [INFO] - [Sub][48] Connecting...
2019-10-26 20:13:01 [INFO] - [Sub] Connection [id: 49] created for Candlestick for [eosusdt]
2019-10-26 20:13:01 [INFO] - [Sub][49] Connecting...
2019-10-26 20:13:01 [INFO] - [Sub] Connection [id: 50] created for Candlestick for [eosusdt]
2019-10-26 20:13:01 [INFO] - [Sub][50] Connecting...
2019-10-26 20:13:01 [INFO] - [Sub] Connection [id: 51] created for Candlestick for [eosusdt]
2019-10-26 20:13:01 [INFO] - [Sub][51] Connecting...
2019-10-26 20:13:01 [INFO] - [Sub] Connection [id: 52] created for Candlestick for [eosusdt]
2019-10-26 20:13:01 [INFO] - [Sub][52] Connecting...
2019-10-26 20:13:01 [INFO] - [Sub] Connection [id: 53] created for Candlestick for [eosusdt]
2019-10-26 20:13:01 [INFO] - [Sub][53] Connecting...
2019-10-26 20:13:01 [INFO] - [Sub] Connection [id: 54] created for PriceDepth for [eosusdt]
2019-10-26 20:13:01 [INFO] - [Sub][54] Connecting...
2019-10-26 20:13:11 [ERROR] - [Sub][25] Unexpected error: connect timed out
2019-10-26 20:13:11 [ERROR] - [Sub][8] Unexpected error: connect timed out
2019-10-26 20:13:11 [ERROR] - [Sub][25] Connection is closing due to error
2019-10-26 20:13:11 [ERROR] - [Sub][8] Connection is closing due to error
2019-10-26 20:13:11 [ERROR] - [Sub][54] Unexpected error: connect timed out
2019-10-26 20:13:11 [ERROR] - [Sub][54] Connection is closing due to error
2019-10-26 20:13:11 [ERROR] - [Sub][5] Unexpected error: connect timed out
2019-10-26 20:13:11 [ERROR] - [Sub][1] Unexpected error: connect timed out
2019-10-26 20:13:11 [ERROR] - [Sub][5] Connection is closing due to error
2019-10-26 20:13:11 [ERROR] - [Sub][6] Unexpected error: connect timed out
2019-10-26 20:13:11 [ERROR] - [Sub][1] Connection is closing due to error
2019-10-26 20:13:11 [ERROR] - [Sub][6] Connection is closing due to error
2019-10-26 20:13:11 [ERROR] - [Sub][3] Unexpected error: connect timed out
2019-10-26 20:13:11 [ERROR] - [Sub][0] Unexpected error: connect timed out
2019-10-26 20:13:11 [ERROR] - [Sub][2] Unexpected error: connect timed out
2019-10-26 20:13:11 [ERROR] - [Sub][53] Unexpected error: connect timed out
2019-10-26 20:13:11 [ERROR] - [Sub][2] Connection is closing due to error
2019-10-26 20:13:11 [ERROR] - [Sub][50] Unexpected error: connect timed out
2019-10-26 20:13:11 [ERROR] - [Sub][49] Unexpected error: connect timed out
2019-10-26 20:13:11 [ERROR] - [Sub][3] Connection is closing due to error
2019-10-26 20:13:11 [ERROR] - [Sub][49] Connection is closing due to error
2019-10-26 20:13:11 [ERROR] - [Sub][0] Connection is closing due to error
2019-10-26 20:13:11 [ERROR] - [Sub][53] Connection is closing due to error
2019-10-26 20:13:11 [ERROR] - [Sub][50] Connection is closing due to error
2019-10-26 20:13:11 [ERROR] - [Sub][48] Unexpected error: connect timed out
2019-10-26 20:13:11 [ERROR] - [Sub][48] Connection is closing due to error
2019-10-26 20:13:11 [ERROR] - [Sub][51] Unexpected error: connect timed out
2019-10-26 20:13:11 [ERROR] - [Sub][51] Connection is closing due to error
2019-10-26 20:13:11 [ERROR] - [Sub][47] Unexpected error: connect timed out
2019-10-26 20:13:11 [ERROR] - [Sub][47] Connection is closing due to error
2019-10-26 20:13:11 [ERROR] - [Sub][46] Unexpected error: connect timed out
2019-10-26 20:13:11 [ERROR] - [Sub][52] Unexpected error: connect timed out
2019-10-26 20:13:11 [ERROR] - [Sub][46] Connection is closing due to error
2019-10-26 20:13:11 [ERROR] - [Sub][52] Connection is closing due to error
2019-10-26 20:13:11 [ERROR] - [Sub][45] Unexpected error: connect timed out
2019-10-26 20:13:11 [ERROR] - [Sub][43] Unexpected error: connect timed out
2019-10-26 20:13:11 [ERROR] - [Sub][45] Connection is closing due to error
2019-10-26 20:13:11 [ERROR] - [Sub][30] Unexpected error: connect timed out
2019-10-26 20:13:11 [ERROR] - [Sub][42] Unexpected error: connect timed out
2019-10-26 20:13:11 [ERROR] - [Sub][44] Unexpected error: connect timed out
2019-10-26 20:13:11 [ERROR] - [Sub][42] Connection is closing due to error
2019-10-26 20:13:11 [ERROR] - [Sub][7] Unexpected error: connect timed out
2019-10-26 20:13:11 [ERROR] - [Sub][43] Connection is closing due to error
2019-10-26 20:13:11 [ERROR] - [Sub][7] Connection is closing due to error
2019-10-26 20:13:11 [ERROR] - [Sub][30] Connection is closing due to error
2019-10-26 20:13:11 [ERROR] - [Sub][44] Connection is closing due to error
2019-10-26 20:13:11 [ERROR] - [Sub][41] Unexpected error: connect timed out
2019-10-26 20:13:11 [ERROR] - [Sub][41] Connection is closing due to error
2019-10-26 20:13:11 [ERROR] - [Sub][28] Unexpected error: connect timed out
2019-10-26 20:13:11 [ERROR] - [Sub][39] Unexpected error: connect timed out
2019-10-26 20:13:11 [ERROR] - [Sub][27] Unexpected error: connect timed out
2019-10-26 20:13:11 [ERROR] - [Sub][38] Unexpected error: connect timed out
2019-10-26 20:13:11 [ERROR] - [Sub][28] Connection is closing due to error
2019-10-26 20:13:11 [ERROR] - [Sub][39] Connection is closing due to error
2019-10-26 20:13:11 [ERROR] - [Sub][27] Connection is closing due to error
2019-10-26 20:13:11 [ERROR] - [Sub][38] Connection is closing due to error
2019-10-26 20:13:11 [ERROR] - [Sub][18] Unexpected error: connect timed out
2019-10-26 20:13:11 [ERROR] - [Sub][35] Unexpected error: connect timed out
2019-10-26 20:13:11 [ERROR] - [Sub][18] Connection is closing due to error
2019-10-26 20:13:11 [ERROR] - [Sub][35] Connection is closing due to error
2019-10-26 20:13:11 [ERROR] - [Sub][32] Unexpected error: connect timed out
2019-10-26 20:13:11 [ERROR] - [Sub][29] Unexpected error: connect timed out
2019-10-26 20:13:11 [ERROR] - [Sub][20] Unexpected error: connect timed out
2019-10-26 20:13:11 [ERROR] - [Sub][31] Unexpected error: connect timed out
2019-10-26 20:13:11 [ERROR] - [Sub][20] Connection is closing due to error
2019-10-26 20:13:11 [ERROR] - [Sub][33] Unexpected error: connect timed out
2019-10-26 20:13:11 [ERROR] - [Sub][31] Connection is closing due to error
2019-10-26 20:13:11 [ERROR] - [Sub][33] Connection is closing due to error
2019-10-26 20:13:11 [ERROR] - [Sub][32] Connection is closing due to error
2019-10-26 20:13:11 [ERROR] - [Sub][29] Connection is closing due to error
2019-10-26 20:13:11 [ERROR] - [Sub][4] Unexpected error: connect timed out
2019-10-26 20:13:11 [ERROR] - [Sub][4] Connection is closing due to error
2019-10-26 20:13:11 [ERROR] - [Sub][17] Unexpected error: connect timed out
2019-10-26 20:13:11 [ERROR] - [Sub][37] Unexpected error: connect timed out
2019-10-26 20:13:11 [ERROR] - [Sub][36] Unexpected error: connect timed out
2019-10-26 20:13:11 [ERROR] - [Sub][40] Unexpected error: connect timed out
2019-10-26 20:13:11 [ERROR] - [Sub][21] Unexpected error: connect timed out
2019-10-26 20:13:11 [ERROR] - [Sub][40] Connection is closing due to error
2019-10-26 20:13:11 [ERROR] - [Sub][22] Unexpected error: connect timed out
2019-10-26 20:13:11 [ERROR] - [Sub][17] Connection is closing due to error
2019-10-26 20:13:11 [ERROR] - [Sub][37] Connection is closing due to error
2019-10-26 20:13:11 [ERROR] - [Sub][36] Connection is closing due to error
2019-10-26 20:13:11 [ERROR] - [Sub][21] Connection is closing due to error
2019-10-26 20:13:11 [ERROR] - [Sub][22] Connection is closing due to error
2019-10-26 20:13:11 [ERROR] - [Sub][34] Unexpected error: connect timed out
2019-10-26 20:13:11 [ERROR] - [Sub][19] Unexpected error: connect timed out
2019-10-26 20:13:11 [ERROR] - [Sub][24] Unexpected error: connect timed out
2019-10-26 20:13:11 [ERROR] - [Sub][34] Connection is closing due to error
2019-10-26 20:13:11 [ERROR] - [Sub][19] Connection is closing due to error
2019-10-26 20:13:11 [ERROR] - [Sub][24] Connection is closing due to error
2019-10-26 20:13:11 [ERROR] - [Sub][23] Unexpected error: connect timed out
2019-10-26 20:13:11 [ERROR] - [Sub][26] Unexpected error: connect timed out
2019-10-26 20:13:11 [ERROR] - [Sub][16] Unexpected error: connect timed out
2019-10-26 20:13:11 [ERROR] - [Sub][26] Connection is closing due to error
2019-10-26 20:13:11 [ERROR] - [Sub][16] Connection is closing due to error
2019-10-26 20:13:11 [ERROR] - [Sub][23] Connection is closing due to error
2019-10-26 20:13:11 [ERROR] - [Sub][14] Unexpected error: connect timed out
2019-10-26 20:13:11 [ERROR] - [Sub][13] Unexpected error: connect timed out
2019-10-26 20:13:11 [ERROR] - [Sub][14] Connection is closing due to error
2019-10-26 20:13:11 [ERROR] - [Sub][15] Unexpected error: connect timed out
2019-10-26 20:13:11 [ERROR] - [Sub][13] Connection is closing due to error
2019-10-26 20:13:11 [ERROR] - [Sub][15] Connection is closing due to error
2019-10-26 20:13:11 [ERROR] - [Sub][10] Unexpected error: connect timed out
2019-10-26 20:13:11 [ERROR] - [Sub][11] Unexpected error: connect timed out
2019-10-26 20:13:11 [ERROR] - [Sub][12] Unexpected error: connect timed out
2019-10-26 20:13:11 [ERROR] - [Sub][11] Connection is closing due to error
2019-10-26 20:13:11 [ERROR] - [Sub][10] Connection is closing due to error
2019-10-26 20:13:11 [ERROR] - [Sub][12] Connection is closing due to error
2019-10-26 20:13:11 [ERROR] - [Sub][9] Unexpected error: connect timed out
2019-10-26 20:13:11 [ERROR] - [Sub][9] Connection is closing due to error
2019-10-26 20:14:34 [INFO] - Shutting down ExecutorService 'applicationTaskExecutor'
